$ cat vim/src/auto/config.log | grep error
clang: error: unsupported option '-V -Wno-atomic-implicit-seq-cst'
clang: error: no input files
clang: error: unknown argument '-qversion', did you mean '--version'?
clang: error: no input files
conftest.c:10:10: fatal error: 'ac_nonexistent.h' file not found
1 error generated.
conftest.c:10:10: fatal error: 'ac_nonexistent.h' file not found
1 error generated.
configure:3979: checking for library containing strerror
conftest.c:17:6: warning: incompatible redeclaration of library function 'strerror' [-Wincompatible-library-redeclaration]
char strerror ();
conftest.c:17:6: note: 'strerror' is a builtin with type 'char *(int)'
conftest.c:33:1: error: use of undeclared identifier 'make'
make an error "Character set is not EBCDIC"
1 error generated.
| make an error "Character set is not EBCDIC"
conftest.c:57:10: fatal error: 'linux/xattr.h' file not found
1 error generated.
conftest.c:24:10: fatal error: 'linux/xattr.h' file not found
1 error generated.
clang: error: linker command failed with exit code 1 (use -v to see invocation)
| /* Override any GCC internal prototype to avoid an error.
clang: error: linker command failed with exit code 1 (use -v to see invocation)
| /* Override any GCC internal prototype to avoid an error.
clang: error: linker command failed with exit code 1 (use -v to see invocation)
| /* Override any GCC internal prototype to avoid an error.
conftest.c:62:10: fatal error: 'X11/SM/SMlib.h' file not found
1 error generated.
conftest.c:29:10: fatal error: 'X11/SM/SMlib.h' file not found
1 error generated.
conftest.c:64:10: fatal error: 'elf.h' file not found
1 error generated.
conftest.c:31:10: fatal error: 'elf.h' file not found
1 error generated.
conftest.c:76:10: fatal error: 'termio.h' file not found
1 error generated.
conftest.c:43:10: fatal error: 'termio.h' file not found
1 error generated.
conftest.c:81:10: fatal error: 'stropts.h' file not found
1 error generated.
conftest.c:48:10: fatal error: 'stropts.h' file not found
1 error generated.
conftest.c:83:10: fatal error: 'sys/systeminfo.h' file not found
1 error generated.
conftest.c:50:10: fatal error: 'sys/systeminfo.h' file not found
1 error generated.
conftest.c:84:10: fatal error: 'sys/stream.h' file not found
1 error generated.
conftest.c:51:10: fatal error: 'sys/stream.h' file not found
1 error generated.
conftest.c:86:10: fatal error: 'sys/statfs.h' file not found
1 error generated.
conftest.c:53:10: fatal error: 'sys/statfs.h' file not found
1 error generated.
conftest.c:91:10: fatal error: 'sys/ptms.h' file not found
1 error generated.
conftest.c:58:10: fatal error: 'sys/ptms.h' file not found
1 error generated.
conftest.c:91:10: fatal error: 'libintl.h' file not found
1 error generated.
conftest.c:58:10: fatal error: 'libintl.h' file not found
1 error generated.
conftest.c:92:10: fatal error: 'util/debug.h' file not found
1 error generated.
conftest.c:59:10: fatal error: 'util/debug.h' file not found
1 error generated.
conftest.c:92:10: fatal error: 'util/msg18n.h' file not found
1 error generated.
conftest.c:59:10: fatal error: 'util/msg18n.h' file not found
1 error generated.
conftest.c:92:10: fatal error: 'frame.h' file not found
1 error generated.
conftest.c:59:10: fatal error: 'frame.h' file not found
1 error generated.
conftest.c:93:10: fatal error: 'sys/access.h' file not found
1 error generated.
conftest.c:60:10: fatal error: 'sys/access.h' file not found
1 error generated.
conftest.c:93:10: fatal error: 'sys/sysinfo.h' file not found
1 error generated.
conftest.c:60:10: fatal error: 'sys/sysinfo.h' file not found
1 error generated.
conftest.c:66:10: fatal error: 'sys/ptem.h' file not found
1 error generated.
conftest.c:65:10: fatal error: 'pthread_np.h' file not found
1 error generated.
conftest.c:65:10: fatal error: 'termio.h' file not found
1 error generated.
conftest.c:101:21: error: expected expression
1 error generated.
conftest.c:101:20: error: expected expression
1 error generated.
conftest.c:101:20: error: expected expression
1 error generated.
conftest.c:101:21: error: expected expression
1 error generated.
conftest.c:102:20: error: expected expression
1 error generated.
conftest.c:102:20: error: expected expression
1 error generated.
conftest.c:73:4: error: use of undeclared identifier 'not'
1 error generated.
conftest.c:78:24: error: no member named 'ss_base' in 'struct __darwin_sigaltstack'
1 error generated.
clang: error: linker command failed with exit code 1 (use -v to see invocation)
| /* Override any GCC internal prototype to avoid an error.
conftest.c:78:36: error: use of undeclared identifier 'outfuntype'
1 error generated.
conftest.c:80:8: error: indirection requires pointer operand ('void' invalid)
1 error generated.
clang: error: linker command failed with exit code 1 (use -v to see invocation)
| /* Override any GCC internal prototype to avoid an error.
clang: error: linker command failed with exit code 1 (use -v to see invocation)
| /* Override any GCC internal prototype to avoid an error.
configure:12574: checking for strerror
conftest.c:131:6: warning: incompatible redeclaration of library function 'strerror' [-Wincompatible-library-redeclaration]
char strerror ();
conftest.c:131:6: note: 'strerror' is a builtin with type 'char *(int)'
clang: error: linker command failed with exit code 1 (use -v to see invocation)
| /* Override any GCC internal prototype to avoid an error.
clang: error: linker command failed with exit code 1 (use -v to see invocation)
| /* Override any GCC internal prototype to avoid an error.
conftest.c:131:11: fatal error: 'canberra.h' file not found
1 error generated.
clang: error: linker command failed with exit code 1 (use -v to see invocation)
| /* Override any GCC internal prototype to avoid an error.
clang: error: linker command failed with exit code 1 (use -v to see invocation)
| /* Override any GCC internal prototype to avoid an error.
clang: error: linker command failed with exit code 1 (use -v to see invocation)
| /* Override any GCC internal prototype to avoid an error.
/Library/Developer/CommandLineTools/SDKs/MacOSX10.14.sdk/usr/include/sys/kauth.h:58:2: error: unknown type name 'u_int8_t'; did you mean '__int8_t'?
/Library/Developer/CommandLineTools/SDKs/MacOSX10.14.sdk/usr/include/sys/kauth.h:59:2: error: unknown type name 'u_int8_t'; did you mean '__int8_t'?
/Library/Developer/CommandLineTools/SDKs/MacOSX10.14.sdk/usr/include/sys/kauth.h:60:2: error: unknown type name 'u_int8_t'; did you mean '__int8_t'?
/Library/Developer/CommandLineTools/SDKs/MacOSX10.14.sdk/usr/include/sys/kauth.h:62:2: error: unknown type name 'u_int32_t'; did you mean '__int32_t'?
/Library/Developer/CommandLineTools/SDKs/MacOSX10.14.sdk/usr/include/sys/kauth.h:79:2: error: unknown type name 'u_int32_t'; did you mean '__int32_t'?
/Library/Developer/CommandLineTools/SDKs/MacOSX10.14.sdk/usr/include/sys/kauth.h:80:2: error: unknown type name 'u_int32_t'; did you mean '__int32_t'?
/Library/Developer/CommandLineTools/SDKs/MacOSX10.14.sdk/usr/include/sys/kauth.h:86:2: error: unknown type name 'u_int32_t'; did you mean '__int32_t'?
/Library/Developer/CommandLineTools/SDKs/MacOSX10.14.sdk/usr/include/sys/kauth.h:110:2: error: unknown type name 'u_int64_t'; did you mean '__int64_t'?
/Library/Developer/CommandLineTools/SDKs/MacOSX10.14.sdk/usr/include/sys/kauth.h:111:2: error: unknown type name 'u_int32_t'; did you mean '__int32_t'?
/Library/Developer/CommandLineTools/SDKs/MacOSX10.14.sdk/usr/include/sys/kauth.h:113:2: error: unknown type name 'uid_t'; did you mean 'guid_t'?
/Library/Developer/CommandLineTools/SDKs/MacOSX10.14.sdk/usr/include/sys/kauth.h:115:2: error: unknown type name 'u_int32_t'; did you mean '__int32_t'?
/Library/Developer/CommandLineTools/SDKs/MacOSX10.14.sdk/usr/include/sys/kauth.h:117:2: error: unknown type name 'u_int32_t'; did you mean '__int32_t'?
/Library/Developer/CommandLineTools/SDKs/MacOSX10.14.sdk/usr/include/sys/kauth.h:118:2: error: unknown type name 'gid_t'; did you mean 'guid_t'?
/Library/Developer/CommandLineTools/SDKs/MacOSX10.14.sdk/usr/include/sys/kauth.h:120:2: error: unknown type name 'u_int32_t'; did you mean '__int32_t'?
/Library/Developer/CommandLineTools/SDKs/MacOSX10.14.sdk/usr/include/sys/kauth.h:122:2: error: unknown type name 'u_int32_t'; did you mean '__int32_t'?
/Library/Developer/CommandLineTools/SDKs/MacOSX10.14.sdk/usr/include/sys/kauth.h:123:2: error: unknown type name 'u_int32_t'; did you mean '__int32_t'?
/Library/Developer/CommandLineTools/SDKs/MacOSX10.14.sdk/usr/include/sys/kauth.h:124:2: error: unknown type name 'u_int32_t'; did you mean '__int32_t'?
/Library/Developer/CommandLineTools/SDKs/MacOSX10.14.sdk/usr/include/sys/kauth.h:125:2: error: unknown type name 'gid_t'; did you mean 'guid_t'?
/Library/Developer/CommandLineTools/SDKs/MacOSX10.14.sdk/usr/include/sys/kauth.h:129:2: error: unknown type name 'u_int32_t'; did you mean '__int32_t'?
fatal error: too many errors emitted, stopping now [-ferror-limit=]
20 errors generated.
/Library/Developer/CommandLineTools/SDKs/MacOSX10.14.sdk/usr/include/sys/kauth.h:118:2: error: unknown type name 'gid_t'
/Library/Developer/CommandLineTools/SDKs/MacOSX10.14.sdk/usr/include/sys/kauth.h:125:2: error: unknown type name 'gid_t'
/Library/Developer/CommandLineTools/SDKs/MacOSX10.14.sdk/usr/include/sys/acl.h:202:8: error: unknown type name 'ssize_t'
/Library/Developer/CommandLineTools/SDKs/MacOSX10.14.sdk/usr/include/sys/acl.h:202:53: error: unknown type name 'ssize_t'
/Library/Developer/CommandLineTools/SDKs/MacOSX10.14.sdk/usr/include/sys/acl.h:203:8: error: unknown type name 'ssize_t'
/Library/Developer/CommandLineTools/SDKs/MacOSX10.14.sdk/usr/include/sys/acl.h:203:60: error: unknown type name 'ssize_t'
/Library/Developer/CommandLineTools/SDKs/MacOSX10.14.sdk/usr/include/sys/acl.h:207:8: error: unknown type name 'ssize_t'
/Library/Developer/CommandLineTools/SDKs/MacOSX10.14.sdk/usr/include/sys/acl.h:208:37: error: unknown type name 'ssize_t'
conftest.c:158:11: error: invalid application of 'sizeof' to an incomplete type 'struct acl'
conftest.c:160:17: error: use of undeclared identifier 'STX_NORMAL'
1 warning and 10 errors generated.
conftest.c:138:10: fatal error: 'gpm.h' file not found
1 error generated.
conftest.c:138:10: fatal error: 'sys/consio.h' file not found
1 error generated.
conftest.c:142:10: fatal error: 'sys/sysinfo.h' file not found
1 error generated.
conftest.c:142:10: fatal error: 'sys/sysinfo.h' file not found
1 error generated.
clang: error: linker command failed with exit code 1 (use -v to see invocation)
| /* Override any GCC internal prototype to avoid an error.
ac_cv_func_strerror=yes
ac_cv_search_strerror='none required'